<?xml version="1.0" encoding="UTF-8"?>
<testsuite xmlns:xsi="http://www.w3.org/2001/XMLSchema-instance" xsi:noNamespaceSchemaLocation="https://maven.apache.org/surefire/maven-surefire-plugin/xsd/surefire-test-report.xsd" version="3.0.2" name="Features.TestNGTestRunner" time="78.815" tests="1" errors="0" skipped="0" failures="0">
  <properties>
[...]
</properties>
  <testcase name="runScenario[&quot;Login with unauthorized account credentials - invalid username and password&quot;, &quot;Admin Portal login&quot;](1)" classname="Features.TestNGTestRunner" time="76.323">
    <system-out><![CDATA[
@Smoke
Scenario Outline: Login with unauthorized account credentials - invalid username and password # src/test/java/Features/login/AP-3.feature:14
  Given the user lands on Admin Portal login page                                             # StepDefinitions.stepDefinition.the_user_lands_on_Admin_Portal_login_page()
  When the user fills in with username roychowsitt and password Test1234@@                    # StepDefinitions.stepDefinition.the_user_fills_in_with_username_and_password(java.lang.String,java.lang.String)
  And the user clicks Sign In button                                                          # StepDefinitions.stepDefinition.the_user_clicks_Sign_In_button()
  Then the user sees "Invalid username or password." message pop up                           # StepDefinitions.stepDefinition.the_user_sees_message_pop_up(java.lang.String)
[{attachments=[cae6470188d58d4a7290063e729e372480cc8ce5], action=GIVEN the user input invalid username and password, position=1, status=passed}, {attachments=[0fdca2bf7c3dbc17fb7388b551dadd9a7a781a64], action=WHEN the user clicks the 'Sign In' button, position=2, status=passed}, {attachments=[afa6a14c3403ad90342b44894483b991c693cc03], action=THEN the user sees error message "Invalid username or password" pop up, position=3, status=passed}]
]]></system-out>
    <system-err><![CDATA[Mar 18, 2025 2:46:35 PM org.openqa.selenium.remote.tracing.opentelemetry.OpenTelemetryTracer createTracer
INFO: Using OpenTelemetry for tracing
]]></system-err>
  </testcase>
</testsuite>