<?xml version="1.0" encoding="UTF-8"?>
<testng-results ignored="0" total="3" passed="3" failed="0" skipped="0">
  <reporter-output>
  </reporter-output>
  <suite started-at="2025-04-29T10:57:58 HKT" name="Surefire suite" finished-at="2025-04-29T10:59:57 HKT" duration-ms="118630">
    <groups>
      <group name="cucumber">
        <method signature="AbstractTestNGCucumberTests.runScenario(io.cucumber.testng.PickleWrapper,io.cucumber.testng.FeatureWrapper)[pri:0, instance:Features.TestNGTestRunner@4a22f9e2]" name="runScenario" class="io.cucumber.testng.AbstractTestNGCucumberTests"/>
      </group> <!-- cucumber -->
    </groups>
    <test started-at="2025-04-29T10:57:58 HKT" name="Surefire test" finished-at="2025-04-29T10:59:57 HKT" duration-ms="118630">
      <class name="Features.TestNGTestRunner">
        <test-method is-config="true" signature="setUpClass(org.testng.ITestContext)[pri:0, instance:Features.TestNGTestRunner@4a22f9e2]" started-at="2025-04-29T10:57:58 HKT" name="setUpClass" finished-at="2025-04-29T10:57:58 HKT" duration-ms="97" status="PASS">
          <params>
            <param index="0">
              <value>
                <![CDATA[org.testng.TestRunner@36ab3814]]>
              </value>
            </param>
          </params>
          <reporter-output>
          </reporter-output>
        </test-method> <!-- setUpClass -->
        <test-method signature="runScenario(io.cucumber.testng.PickleWrapper,io.cucumber.testng.FeatureWrapper)[pri:0, instance:Features.TestNGTestRunner@4a22f9e2]" started-at="2025-04-29T10:57:58 HKT" name="runScenario" description="Runs Cucumber Scenarios" data-provider="scenarios" finished-at="2025-04-29T10:58:53 HKT" duration-ms="54444" status="PASS">
          <params>
            <param index="0">
              <value>
                <![CDATA["Create Individual Account with status in Pending Verification"]]>
              </value>
            </param>
            <param index="1">
              <value>
                <![CDATA["AO Application List"]]>
              </value>
            </param>
          </params>
          <reporter-output>
          </reporter-output>
        </test-method> <!-- runScenario -->
        <test-method signature="runScenario(io.cucumber.testng.PickleWrapper,io.cucumber.testng.FeatureWrapper)[pri:0, instance:Features.TestNGTestRunner@4a22f9e2]" started-at="2025-04-29T10:58:53 HKT" name="runScenario" description="Runs Cucumber Scenarios" data-provider="scenarios" finished-at="2025-04-29T10:59:23 HKT" duration-ms="30351" status="PASS">
          <params>
            <param index="0">
              <value>
                <![CDATA["Account status in Pending Approval after first approval"]]>
              </value>
            </param>
            <param index="1">
              <value>
                <![CDATA["AO Application List"]]>
              </value>
            </param>
          </params>
          <reporter-output>
          </reporter-output>
        </test-method> <!-- runScenario -->
        <test-method signature="runScenario(io.cucumber.testng.PickleWrapper,io.cucumber.testng.FeatureWrapper)[pri:0, instance:Features.TestNGTestRunner@4a22f9e2]" started-at="2025-04-29T10:59:23 HKT" name="runScenario" description="Runs Cucumber Scenarios" data-provider="scenarios" finished-at="2025-04-29T10:59:57 HKT" duration-ms="33573" status="PASS">
          <params>
            <param index="0">
              <value>
                <![CDATA["Account status in Pending Deposit after second approval"]]>
              </value>
            </param>
            <param index="1">
              <value>
                <![CDATA["AO Application List"]]>
              </value>
            </param>
          </params>
          <reporter-output>
          </reporter-output>
        </test-method> <!-- runScenario -->
        <test-method is-config="true" signature="tearDownClass()[pri:0, instance:Features.TestNGTestRunner@4a22f9e2]" started-at="2025-04-29T10:59:57 HKT" name="tearDownClass" finished-at="2025-04-29T10:59:57 HKT" duration-ms="141" status="PASS">
          <reporter-output>
          </reporter-output>
        </test-method> <!-- tearDownClass -->
      </class> <!-- Features.TestNGTestRunner -->
    </test> <!-- Surefire test -->
  </suite> <!-- Surefire suite -->
</testng-results>
