<?xml version="1.0" encoding="UTF-8"?>
<testsuite xmlns:xsi="http://www.w3.org/2001/XMLSchema-instance" xsi:noNamespaceSchemaLocation="https://maven.apache.org/surefire/maven-surefire-plugin/xsd/surefire-test-report-3.0.xsd" version="3.0" name="TestSuite" time="48.042" tests="3" errors="0" skipped="2" failures="1">
  <properties>
[...]
</properties>
  <testcase name="runScenario[&quot;Login End to End flow&quot;, &quot;Admin Portal login&quot;](1)" classname="Features.TestNGTestRunner" time="0.0">
    <skipped message="Expected condition failed: waiting for element to be clickable: [[RemoteWebDriver: chrome on mac (bd8c7fe24bdf8713ec432a0a1b4d8e7f)] -&gt; css selector: button[class*=&apos;MuiButtonBase-root MuiButton-root&apos;]] (tried for 5 second(s) with 500 milliseconds interval)&#10;Build info: version: &apos;4.25.0&apos;, revision: &apos;8a8aea2337&apos;&#10;System info: os.name: &apos;Mac OS X&apos;, os.arch: &apos;aarch64&apos;, os.version: &apos;13.3&apos;, java.version: &apos;21.0.1&apos;&#10;Driver info: org.openqa.selenium.remote.RemoteWebDriver&#10;Capabilities {acceptInsecureCerts: true, browserName: chrome, browserVersion: 131.0.6778.205, chrome: {chromedriverVersion: 131.0.6778.204 (52183f9e99a..., userDataDir: /var/folders/pm/t2bqw7cj31b...}, fedcm:accounts: true, goog:chromeOptions: {debuggerAddress: localhost:64006}, networkConnectionEnabled: false, pageLoadStrategy: normal, platformName: mac, proxy: Proxy(), se:bidiEnabled: false, se:cdp: ws://10.139.1.107:4444/sess..., se:cdpVersion: 131.0.6778.205, setWindowRect: true, strictFileInteractability: false, timeouts: {implicit: 0, pageLoad: 300000, script: 30000}, unhandledPromptBehavior: dismiss and notify, webauthn:extension:credBlob: true, webauthn:extension:largeBlob: true, webauthn:extension:minPinLength: true, webauthn:extension:prf: true, webauthn:virtualAuthenticators: true}&#10;Session ID: bd8c7fe24bdf8713ec432a0a1b4d8e7f"/>
    <system-out><![CDATA[
@Smoke
Scenario Outline: Login End to End flow                                   # src/test/java/Features/login/AP-560.feature:14
  Given the user lands on Admin Portal login page                         # StepDefinitions.stepDefinition.the_user_lands_on_Admin_Portal_login_page()
  Given the user fills in with username roychowsit and password Test1234@ # StepDefinitions.stepDefinition.the_user_fills_in_with_username_and_password(java.lang.String,java.lang.String)
  When the user clicks Sign In button                                     # StepDefinitions.stepDefinition.the_user_clicks_Sign_In_button()
      org.openqa.selenium.TimeoutException: Expected condition failed: waiting for element to be clickable: [[RemoteWebDriver: chrome on mac (bd8c7fe24bdf8713ec432a0a1b4d8e7f)] -> css selector: button[class*='MuiButtonBase-root MuiButton-root']] (tried for 5 second(s) with 500 milliseconds interval)
Build info: version: '4.25.0', revision: '8a8aea2337'
System info: os.name: 'Mac OS X', os.arch: 'aarch64', os.version: '13.3', java.version: '21.0.1'
Driver info: org.openqa.selenium.remote.RemoteWebDriver
Capabilities {acceptInsecureCerts: true, browserName: chrome, browserVersion: 131.0.6778.205, chrome: {chromedriverVersion: 131.0.6778.204 (52183f9e99a..., userDataDir: /var/folders/pm/t2bqw7cj31b...}, fedcm:accounts: true, goog:chromeOptions: {debuggerAddress: localhost:64006}, networkConnectionEnabled: false, pageLoadStrategy: normal, platformName: mac, proxy: Proxy(), se:bidiEnabled: false, se:cdp: ws://10.139.1.107:4444/sess..., se:cdpVersion: 131.0.6778.205, setWindowRect: true, strictFileInteractability: false, timeouts: {implicit: 0, pageLoad: 300000, script: 30000}, unhandledPromptBehavior: dismiss and notify, webauthn:extension:credBlob: true, webauthn:extension:largeBlob: true, webauthn:extension:minPinLength: true, webauthn:extension:prf: true, webauthn:virtualAuthenticators: true}
Session ID: bd8c7fe24bdf8713ec432a0a1b4d8e7f
	at org.openqa.selenium.support.ui.WebDriverWait.timeoutException(WebDriverWait.java:84)
	at org.openqa.selenium.support.ui.FluentWait.until(FluentWait.java:228)
	at AbstractComponent.AbstractComponents.waitUtilElementClickable(AbstractComponents.java:57)
	at PageObject.LoginPage.ctaButtonStatus(LoginPage.java:57)
	at StepDefinitions.stepDefinition.the_user_clicks_Sign_In_button(stepDefinition.java:36)
	at ✽.the user clicks Sign In button(file:///Users/roychow/IdeaProjects/web_auto/src/test/java/Features/login/AP-560.feature:9)

  Then the user sees Menu display on the screen                           # StepDefinitions.stepDefinition.the_user_sees_Menu_display_on_the_screen()
]]></system-out>
    <system-err><![CDATA[Jan 06, 2025 3:43:01 PM org.openqa.selenium.remote.tracing.opentelemetry.OpenTelemetryTracer createTracer
INFO: Using OpenTelemetry for tracing
]]></system-err>
  </testcase>
  <testcase name="runScenario[&quot;Login End to End flow&quot;, &quot;Admin Portal login&quot;](2)" classname="Features.TestNGTestRunner" time="0.0">
    <skipped message="Expected condition failed: waiting for element to be clickable: [[RemoteWebDriver: chrome on mac (e6c5d4e1249db43b172e7a88e3118d35)] -&gt; css selector: button[class*=&apos;MuiButtonBase-root MuiButton-root&apos;]] (tried for 5 second(s) with 500 milliseconds interval)&#10;Build info: version: &apos;4.25.0&apos;, revision: &apos;8a8aea2337&apos;&#10;System info: os.name: &apos;Mac OS X&apos;, os.arch: &apos;aarch64&apos;, os.version: &apos;13.3&apos;, java.version: &apos;21.0.1&apos;&#10;Driver info: org.openqa.selenium.remote.RemoteWebDriver&#10;Capabilities {acceptInsecureCerts: true, browserName: chrome, browserVersion: 131.0.6778.205, chrome: {chromedriverVersion: 131.0.6778.204 (52183f9e99a..., userDataDir: /var/folders/pm/t2bqw7cj31b...}, fedcm:accounts: true, goog:chromeOptions: {debuggerAddress: localhost:64074}, networkConnectionEnabled: false, pageLoadStrategy: normal, platformName: mac, proxy: Proxy(), se:bidiEnabled: false, se:cdp: ws://10.139.1.107:4444/sess..., se:cdpVersion: 131.0.6778.205, setWindowRect: true, strictFileInteractability: false, timeouts: {implicit: 0, pageLoad: 300000, script: 30000}, unhandledPromptBehavior: dismiss and notify, webauthn:extension:credBlob: true, webauthn:extension:largeBlob: true, webauthn:extension:minPinLength: true, webauthn:extension:prf: true, webauthn:virtualAuthenticators: true}&#10;Session ID: e6c5d4e1249db43b172e7a88e3118d35"/>
    <system-out><![CDATA[
@Smoke
Scenario Outline: Login End to End flow                                   # src/test/java/Features/login/AP-560.feature:14
  Given the user lands on Admin Portal login page                         # StepDefinitions.stepDefinition.the_user_lands_on_Admin_Portal_login_page()
  Given the user fills in with username roychowsit and password Test1234@ # StepDefinitions.stepDefinition.the_user_fills_in_with_username_and_password(java.lang.String,java.lang.String)
  When the user clicks Sign In button                                     # StepDefinitions.stepDefinition.the_user_clicks_Sign_In_button()
      org.openqa.selenium.TimeoutException: Expected condition failed: waiting for element to be clickable: [[RemoteWebDriver: chrome on mac (e6c5d4e1249db43b172e7a88e3118d35)] -> css selector: button[class*='MuiButtonBase-root MuiButton-root']] (tried for 5 second(s) with 500 milliseconds interval)
Build info: version: '4.25.0', revision: '8a8aea2337'
System info: os.name: 'Mac OS X', os.arch: 'aarch64', os.version: '13.3', java.version: '21.0.1'
Driver info: org.openqa.selenium.remote.RemoteWebDriver
Capabilities {acceptInsecureCerts: true, browserName: chrome, browserVersion: 131.0.6778.205, chrome: {chromedriverVersion: 131.0.6778.204 (52183f9e99a..., userDataDir: /var/folders/pm/t2bqw7cj31b...}, fedcm:accounts: true, goog:chromeOptions: {debuggerAddress: localhost:64074}, networkConnectionEnabled: false, pageLoadStrategy: normal, platformName: mac, proxy: Proxy(), se:bidiEnabled: false, se:cdp: ws://10.139.1.107:4444/sess..., se:cdpVersion: 131.0.6778.205, setWindowRect: true, strictFileInteractability: false, timeouts: {implicit: 0, pageLoad: 300000, script: 30000}, unhandledPromptBehavior: dismiss and notify, webauthn:extension:credBlob: true, webauthn:extension:largeBlob: true, webauthn:extension:minPinLength: true, webauthn:extension:prf: true, webauthn:virtualAuthenticators: true}
Session ID: e6c5d4e1249db43b172e7a88e3118d35
	at org.openqa.selenium.support.ui.WebDriverWait.timeoutException(WebDriverWait.java:84)
	at org.openqa.selenium.support.ui.FluentWait.until(FluentWait.java:228)
	at AbstractComponent.AbstractComponents.waitUtilElementClickable(AbstractComponents.java:57)
	at PageObject.LoginPage.ctaButtonStatus(LoginPage.java:57)
	at StepDefinitions.stepDefinition.the_user_clicks_Sign_In_button(stepDefinition.java:36)
	at ✽.the user clicks Sign In button(file:///Users/roychow/IdeaProjects/web_auto/src/test/java/Features/login/AP-560.feature:9)

  Then the user sees Menu display on the screen                           # StepDefinitions.stepDefinition.the_user_sees_Menu_display_on_the_screen()
]]></system-out>
  </testcase>
  <testcase name="runScenario[&quot;Login End to End flow&quot;, &quot;Admin Portal login&quot;](3)" classname="Features.TestNGTestRunner" time="11.905">
    <failure message="Expected condition failed: waiting for element to be clickable: [[RemoteWebDriver: chrome on mac (1ec8de3d3ed141c21207aa36f045b8bd)] -&gt; css selector: button[class*=&apos;MuiButtonBase-root MuiButton-root&apos;]] (tried for 5 second(s) with 500 milliseconds interval)&#10;Build info: version: &apos;4.25.0&apos;, revision: &apos;8a8aea2337&apos;&#10;System info: os.name: &apos;Mac OS X&apos;, os.arch: &apos;aarch64&apos;, os.version: &apos;13.3&apos;, java.version: &apos;21.0.1&apos;&#10;Driver info: org.openqa.selenium.remote.RemoteWebDriver&#10;Capabilities {acceptInsecureCerts: true, browserName: chrome, browserVersion: 131.0.6778.205, chrome: {chromedriverVersion: 131.0.6778.204 (52183f9e99a..., userDataDir: /var/folders/pm/t2bqw7cj31b...}, fedcm:accounts: true, goog:chromeOptions: {debuggerAddress: localhost:64170}, networkConnectionEnabled: false, pageLoadStrategy: normal, platformName: mac, proxy: Proxy(), se:bidiEnabled: false, se:cdp: ws://10.139.1.107:4444/sess..., se:cdpVersion: 131.0.6778.205, setWindowRect: true, strictFileInteractability: false, timeouts: {implicit: 0, pageLoad: 300000, script: 30000}, unhandledPromptBehavior: dismiss and notify, webauthn:extension:credBlob: true, webauthn:extension:largeBlob: true, webauthn:extension:minPinLength: true, webauthn:extension:prf: true, webauthn:virtualAuthenticators: true}&#10;Session ID: 1ec8de3d3ed141c21207aa36f045b8bd" type="org.openqa.selenium.TimeoutException"><![CDATA[org.openqa.selenium.TimeoutException: 
Expected condition failed: waiting for element to be clickable: [[RemoteWebDriver: chrome on mac (1ec8de3d3ed141c21207aa36f045b8bd)] -> css selector: button[class*='MuiButtonBase-root MuiButton-root']] (tried for 5 second(s) with 500 milliseconds interval)
Build info: version: '4.25.0', revision: '8a8aea2337'
System info: os.name: 'Mac OS X', os.arch: 'aarch64', os.version: '13.3', java.version: '21.0.1'
Driver info: org.openqa.selenium.remote.RemoteWebDriver
Capabilities {acceptInsecureCerts: true, browserName: chrome, browserVersion: 131.0.6778.205, chrome: {chromedriverVersion: 131.0.6778.204 (52183f9e99a..., userDataDir: /var/folders/pm/t2bqw7cj31b...}, fedcm:accounts: true, goog:chromeOptions: {debuggerAddress: localhost:64170}, networkConnectionEnabled: false, pageLoadStrategy: normal, platformName: mac, proxy: Proxy(), se:bidiEnabled: false, se:cdp: ws://10.139.1.107:4444/sess..., se:cdpVersion: 131.0.6778.205, setWindowRect: true, strictFileInteractability: false, timeouts: {implicit: 0, pageLoad: 300000, script: 30000}, unhandledPromptBehavior: dismiss and notify, webauthn:extension:credBlob: true, webauthn:extension:largeBlob: true, webauthn:extension:minPinLength: true, webauthn:extension:prf: true, webauthn:virtualAuthenticators: true}
Session ID: 1ec8de3d3ed141c21207aa36f045b8bd
	at org.openqa.selenium.support.ui.WebDriverWait.timeoutException(WebDriverWait.java:84)
	at org.openqa.selenium.support.ui.FluentWait.until(FluentWait.java:228)
	at AbstractComponent.AbstractComponents.waitUtilElementClickable(AbstractComponents.java:57)
	at PageObject.LoginPage.ctaButtonStatus(LoginPage.java:57)
	at StepDefinitions.stepDefinition.the_user_clicks_Sign_In_button(stepDefinition.java:36)
	at ✽.the user clicks Sign In button(file:///Users/roychow/IdeaProjects/web_auto/src/test/java/Features/login/AP-560.feature:9)
]]></failure>
    <system-out><![CDATA[
@Smoke
Scenario Outline: Login End to End flow                                   # src/test/java/Features/login/AP-560.feature:14
  Given the user lands on Admin Portal login page                         # StepDefinitions.stepDefinition.the_user_lands_on_Admin_Portal_login_page()
  Given the user fills in with username roychowsit and password Test1234@ # StepDefinitions.stepDefinition.the_user_fills_in_with_username_and_password(java.lang.String,java.lang.String)
  When the user clicks Sign In button                                     # StepDefinitions.stepDefinition.the_user_clicks_Sign_In_button()
      org.openqa.selenium.TimeoutException: Expected condition failed: waiting for element to be clickable: [[RemoteWebDriver: chrome on mac (1ec8de3d3ed141c21207aa36f045b8bd)] -> css selector: button[class*='MuiButtonBase-root MuiButton-root']] (tried for 5 second(s) with 500 milliseconds interval)
Build info: version: '4.25.0', revision: '8a8aea2337'
System info: os.name: 'Mac OS X', os.arch: 'aarch64', os.version: '13.3', java.version: '21.0.1'
Driver info: org.openqa.selenium.remote.RemoteWebDriver
Capabilities {acceptInsecureCerts: true, browserName: chrome, browserVersion: 131.0.6778.205, chrome: {chromedriverVersion: 131.0.6778.204 (52183f9e99a..., userDataDir: /var/folders/pm/t2bqw7cj31b...}, fedcm:accounts: true, goog:chromeOptions: {debuggerAddress: localhost:64170}, networkConnectionEnabled: false, pageLoadStrategy: normal, platformName: mac, proxy: Proxy(), se:bidiEnabled: false, se:cdp: ws://10.139.1.107:4444/sess..., se:cdpVersion: 131.0.6778.205, setWindowRect: true, strictFileInteractability: false, timeouts: {implicit: 0, pageLoad: 300000, script: 30000}, unhandledPromptBehavior: dismiss and notify, webauthn:extension:credBlob: true, webauthn:extension:largeBlob: true, webauthn:extension:minPinLength: true, webauthn:extension:prf: true, webauthn:virtualAuthenticators: true}
Session ID: 1ec8de3d3ed141c21207aa36f045b8bd
	at org.openqa.selenium.support.ui.WebDriverWait.timeoutException(WebDriverWait.java:84)
	at org.openqa.selenium.support.ui.FluentWait.until(FluentWait.java:228)
	at AbstractComponent.AbstractComponents.waitUtilElementClickable(AbstractComponents.java:57)
	at PageObject.LoginPage.ctaButtonStatus(LoginPage.java:57)
	at StepDefinitions.stepDefinition.the_user_clicks_Sign_In_button(stepDefinition.java:36)
	at ✽.the user clicks Sign In button(file:///Users/roychow/IdeaProjects/web_auto/src/test/java/Features/login/AP-560.feature:9)

  Then the user sees Menu display on the screen                           # StepDefinitions.stepDefinition.the_user_sees_Menu_display_on_the_screen()
]]></system-out>
  </testcase>
</testsuite>