<?xml version="1.0" encoding="UTF-8"?>
<testng-results ignored="0" total="1" passed="1" failed="0" skipped="0">
  <reporter-output>
  </reporter-output>
  <suite started-at="2025-03-18T14:46:33 HKT" name="Surefire suite" finished-at="2025-03-18T14:47:51 HKT" duration-ms="78501">
    <groups>
      <group name="cucumber">
        <method signature="AbstractTestNGCucumberTests.runScenario(io.cucumber.testng.PickleWrapper,io.cucumber.testng.FeatureWrapper)[pri:0, instance:Features.TestNGTestRunner@5ae50ce6]" name="runScenario" class="io.cucumber.testng.AbstractTestNGCucumberTests"/>
      </group> <!-- cucumber -->
    </groups>
    <test started-at="2025-03-18T14:46:33 HKT" name="Surefire test" finished-at="2025-03-18T14:47:51 HKT" duration-ms="78501">
      <class name="Features.TestNGTestRunner">
        <test-method is-config="true" signature="setUpClass(org.testng.ITestContext)[pri:0, instance:Features.TestNGTestRunner@5ae50ce6]" started-at="2025-03-18T14:46:33 HKT" name="setUpClass" finished-at="2025-03-18T14:46:35 HKT" duration-ms="2063" status="PASS">
          <params>
            <param index="0">
              <value>
                <![CDATA[org.testng.TestRunner@6025e1b6]]>
              </value>
            </param>
          </params>
          <reporter-output>
          </reporter-output>
        </test-method> <!-- setUpClass -->
        <test-method signature="runScenario(io.cucumber.testng.PickleWrapper,io.cucumber.testng.FeatureWrapper)[pri:0, instance:Features.TestNGTestRunner@5ae50ce6]" started-at="2025-03-18T14:46:35 HKT" name="runScenario" description="Runs Cucumber Scenarios" data-provider="scenarios" finished-at="2025-03-18T14:47:51 HKT" duration-ms="76300" status="PASS">
          <params>
            <param index="0">
              <value>
                <![CDATA["Login with unauthorized account credentials - invalid username and password"]]>
              </value>
            </param>
            <param index="1">
              <value>
                <![CDATA["Admin Portal login"]]>
              </value>
            </param>
          </params>
          <reporter-output>
          </reporter-output>
        </test-method> <!-- runScenario -->
        <test-method is-config="true" signature="tearDownClass()[pri:0, instance:Features.TestNGTestRunner@5ae50ce6]" started-at="2025-03-18T14:47:51 HKT" name="tearDownClass" finished-at="2025-03-18T14:47:51 HKT" duration-ms="110" status="PASS">
          <reporter-output>
          </reporter-output>
        </test-method> <!-- tearDownClass -->
      </class> <!-- Features.TestNGTestRunner -->
    </test> <!-- Surefire test -->
  </suite> <!-- Surefire suite -->
</testng-results>
